<?xml version="1.0" encoding="UTF-8"?>
<testsuite name="delfy.showPreviousCommandsTest" tests="1" skipped="0" failures="0" errors="0" timestamp="2019-06-07T15:33:47" hostname="sheikah" time="0.0">
  <properties/>
  <testcase name="createTextFileTest" classname="delfy.showPreviousCommandsTest" time="0.0"/>
  <system-out><![CDATA[]]></system-out>
  <system-err><![CDATA[]]></system-err>
</testsuite>
